\BOOKMARK [0][-]{chapter*.1}{Acknowledgements}{}% 1
\BOOKMARK [0][-]{chapter*.1}{Abstract}{}% 2
\BOOKMARK [0][-]{chapter.1}{Introduction}{}% 3
\BOOKMARK [1][-]{section.1.1}{Chapters and Organization of the Proposal}{chapter.1}% 4
\BOOKMARK [0][-]{chapter.2}{Background}{}% 5
\BOOKMARK [1][-]{section.2.1}{Related Work}{chapter.2}% 6
\BOOKMARK [1][-]{section.2.2}{Tools and Modeling Language}{chapter.2}% 7
\BOOKMARK [2][-]{subsection.2.2.1}{Architecture Analysis and Design Language}{section.2.2}% 8
\BOOKMARK [2][-]{subsection.2.2.2}{Assume Guarantee Reasoning Environment}{section.2.2}% 9
\BOOKMARK [2][-]{subsection.2.2.3}{Safety Annex for AADL}{section.2.2}% 10
\BOOKMARK [1][-]{section.2.3}{Definitions}{chapter.2}% 11
\BOOKMARK [0][-]{chapter.3}{Proposed Approach}{}% 12
\BOOKMARK [1][-]{section.3.1}{The Safety Annex and Fault Modeling}{chapter.3}% 13
\BOOKMARK [2][-]{subsection.3.1.1}{Implementation}{section.3.1}% 14
\BOOKMARK [2][-]{subsection.3.1.2}{The Sensor System}{section.3.1}% 15
\BOOKMARK [2][-]{subsection.3.1.3}{The Safety Annex for the Sensor System}{section.3.1}% 16
\BOOKMARK [1][-]{section.3.2}{Fault Modeling}{chapter.3}% 17
\BOOKMARK [1][-]{section.3.3}{Verification Capabilities in the Face of Component Failures}{chapter.3}% 18
\BOOKMARK [2][-]{subsection.3.3.1}{Maximum Fault Analysis}{section.3.3}% 19
\BOOKMARK [2][-]{subsection.3.3.2}{Probabilistic Threshold Analysis}{section.3.3}% 20
\BOOKMARK [1][-]{section.3.4}{Generation of Minimal Cut Sets from MIVCs}{chapter.3}% 21
\BOOKMARK [2][-]{subsection.3.4.1}{The General Idea}{section.3.4}% 22
\BOOKMARK [2][-]{subsection.3.4.2}{Illustrative Example}{section.3.4}% 23
\BOOKMARK [1][-]{section.3.5}{Compositional Probabilistic Computations}{chapter.3}% 24
\BOOKMARK [1][-]{section.3.6}{Evaluation of Results}{chapter.3}% 25
\BOOKMARK [0][-]{chapter.4}{Conclusion}{}% 26
\BOOKMARK [0][-]{chapter*.11}{References}{}% 27
