\BOOKMARK [0][-]{chapter*.1}{Acknowledgements}{}% 1
\BOOKMARK [0][-]{chapter*.1}{Abstract}{}% 2
\BOOKMARK [0][-]{chapter*.3}{List of Figures}{}% 3
\BOOKMARK [0][-]{chapter.1}{Introduction}{}% 4
\BOOKMARK [0][-]{chapter.2}{Preliminaries and Related Work}{}% 5
\BOOKMARK [1][-]{section.2.1}{Safety Critical Systems Development}{chapter.2}% 6
\BOOKMARK [2][-]{subsection.2.1.1}{The V Model}{section.2.1}% 7
\BOOKMARK [2][-]{subsection.2.1.2}{Traditional Safety Assessment Process}{section.2.1}% 8
\BOOKMARK [2][-]{subsection.2.1.3}{Fault Trees and Minimal Cut Sets}{section.2.1}% 9
\BOOKMARK [1][-]{section.2.2}{Model Based Safety Assessment}{chapter.2}% 10
\BOOKMARK [2][-]{subsection.2.2.1}{Suggested Model Based Safety Assessment Process Supported by Formal Methods}{section.2.2}% 11
\BOOKMARK [1][-]{section.2.3}{Formal Methods of Validation and Verification}{chapter.2}% 12
\BOOKMARK [2][-]{subsection.2.3.1}{Formal Validation and Verification}{section.2.3}% 13
\BOOKMARK [1][-]{section.2.4}{Satisfiability}{chapter.2}% 14
\BOOKMARK [2][-]{subsection.2.4.1}{UNSAT Cores and Minimal Unsatisfiable Subsets}{section.2.4}% 15
\BOOKMARK [2][-]{subsection.2.4.2}{Inductive Validity Cores}{section.2.4}% 16
\BOOKMARK [2][-]{subsection.2.4.3}{Ordered Binary Decision Diagrams}{section.2.4}% 17
\BOOKMARK [1][-]{section.2.5}{Model Checking in Safety Analysis: A Brief History and the State of the Practice}{chapter.2}% 18
\BOOKMARK [0][-]{chapter.3}{Compositional Minimal Cut Set Generation}{}% 19
\BOOKMARK [0][-]{chapter.4}{Fault Modeling and the Safety Annex}{}% 20
\BOOKMARK [1][-]{section.4.1}{Component Fault Modeling}{chapter.4}% 21
\BOOKMARK [1][-]{section.4.2}{Error Propagation}{chapter.4}% 22
\BOOKMARK [2][-]{subsection.4.2.1}{Implicit Propagation}{section.4.2}% 23
\BOOKMARK [2][-]{subsection.4.2.2}{Explicit Propagation}{section.4.2}% 24
\BOOKMARK [1][-]{section.4.3}{Fault Analysis Statements}{chapter.4}% 25
\BOOKMARK [1][-]{section.4.4}{Asymmetric Fault Modeling}{chapter.4}% 26
\BOOKMARK [0][-]{chapter.5}{Case Studies}{}% 27
\BOOKMARK [1][-]{section.5.1}{Wheel Brake System}{chapter.5}% 28
\BOOKMARK [0][-]{chapter.6}{Related Work}{}% 29
\BOOKMARK [0][-]{chapter.7}{Conclusion}{}% 30
\BOOKMARK [0][-]{chapter*.30}{References}{}% 31
