This is pdfTeX, Version 3.14159265-2.6-1.40.21 (TeX Live 2020) (preloaded format=pdflatex 2020.4.7)  26 MAY 2020 11:34
entering extended mode
 restricted \write18 enabled.
 %&-line parsing enabled.
**Main.tex
(./Main.tex
LaTeX2e <2020-02-02> patch level 5
L3 programming layer <2020-03-06> (./mnthesis.cls
(/usr/local/texlive/2020/texmf-dist/tex/latex/base/report.cls

LaTeX Warning: You have requested document class `mnthesis',
               but the document class provides `report'.

Document Class: report 2019/12/20 v1.4l Standard LaTeX document class
(/usr/local/texlive/2020/texmf-dist/tex/latex/base/size11.clo
File: size11.clo 2019/12/20 v1.4l Standard LaTeX file (size option)
)
\c@part=\count167
\c@chapter=\count168
\c@section=\count169
\c@subsection=\count170
\c@subsubsection=\count171
\c@paragraph=\count172
\c@subparagraph=\count173
\c@figure=\count174
\c@table=\count175
\abovecaptionskip=\skip47
\belowcaptionskip=\skip48
\bibindent=\dimen134
)
(/usr/local/texlive/2020/texmf-dist/tex/latex/setspace/setspace.sty
Package: setspace 2011/12/19 v6.7a set line spacing
))
(/usr/local/texlive/2020/texmf-dist/tex/latex/eepic/epic.sty
Enhancements to Picture Environment. Version 1.2 - Released June 1, 1986
\@@multicnt=\count176
\d@lta=\count177
\@delta=\dimen135
\@@delta=\dimen136
\@gridcnt=\count178
\@joinkind=\count179
\@dotgap=\dimen137
\@ddotgap=\dimen138
\@x@diff=\count180
\@y@diff=\count181
\x@diff=\dimen139
\y@diff=\dimen140
\@dotbox=\box45
\num@segments=\count182
\num@segmentsi=\count183
\@datafile=\read2
) (/usr/local/texlive/2020/texmf-dist/tex/latex/eepic/eepic.sty
Extension to Epic and LaTeX. Version 1.1e - Released Dec 21, 1999
\@gphlinewidth=\count184
\@eepictcnt=\count185
\@tempdimc=\dimen141
\maxovaldiam=\dimen142
\@filltype=\box46
) (/usr/local/texlive/2020/texmf-dist/tex/latex/units/units.sty
Package: units 1998/08/04 v0.9b Typesetting units

(/usr/local/texlive/2020/texmf-dist/tex/latex/base/ifthen.sty
Package: ifthen 2014/09/29 v1.1c Standard LaTeX ifthen package (DPC)
)
(/usr/local/texlive/2020/texmf-dist/tex/latex/units/nicefrac.sty
Package: nicefrac 1998/08/04 v0.9b Nice fractions
\L@UnitsRaiseDisplaystyle=\skip49
\L@UnitsRaiseTextstyle=\skip50
\L@UnitsRaiseScriptstyle=\skip51
))
(/usr/local/texlive/2020/texmf-dist/tex/latex/hyperref/hyperref.sty
Package: hyperref 2020/01/14 v7.00d Hypertext links for LaTeX

(/usr/local/texlive/2020/texmf-dist/tex/generic/ltxcmds/ltxcmds.sty
Package: ltxcmds 2019/12/15 v1.24 LaTeX kernel commands for general use (HO)
)
(/usr/local/texlive/2020/texmf-dist/tex/generic/iftex/iftex.sty
Package: iftex 2020/03/06 v1.0d TeX engine tests
)
(/usr/local/texlive/2020/texmf-dist/tex/latex/pdftexcmds/pdftexcmds.sty
Package: pdftexcmds 2019/11/24 v0.31 Utility functions of pdfTeX for LuaTeX (HO
)

(/usr/local/texlive/2020/texmf-dist/tex/generic/infwarerr/infwarerr.sty
Package: infwarerr 2019/12/03 v1.5 Providing info/warning/error messages (HO)
)
Package pdftexcmds Info: \pdf@primitive is available.
Package pdftexcmds Info: \pdf@ifprimitive is available.
Package pdftexcmds Info: \pdfdraftmode found.
)
(/usr/local/texlive/2020/texmf-dist/tex/latex/graphics/keyval.sty
Package: keyval 2014/10/28 v1.15 key=value parser (DPC)
\KV@toks@=\toks15
)
(/usr/local/texlive/2020/texmf-dist/tex/generic/kvsetkeys/kvsetkeys.sty
Package: kvsetkeys 2019/12/15 v1.18 Key value parser (HO)
)
(/usr/local/texlive/2020/texmf-dist/tex/generic/kvdefinekeys/kvdefinekeys.sty
Package: kvdefinekeys 2019-12-19 v1.6 Define keys (HO)
)
(/usr/local/texlive/2020/texmf-dist/tex/generic/pdfescape/pdfescape.sty
Package: pdfescape 2019/12/09 v1.15 Implements pdfTeX's escape features (HO)
)
(/usr/local/texlive/2020/texmf-dist/tex/latex/hycolor/hycolor.sty
Package: hycolor 2020-01-27 v1.10 Color options for hyperref/bookmark (HO)
)
(/usr/local/texlive/2020/texmf-dist/tex/latex/letltxmacro/letltxmacro.sty
Package: letltxmacro 2019/12/03 v1.6 Let assignment for LaTeX macros (HO)
)
(/usr/local/texlive/2020/texmf-dist/tex/latex/auxhook/auxhook.sty
Package: auxhook 2019-12-17 v1.6 Hooks for auxiliary files (HO)
)
(/usr/local/texlive/2020/texmf-dist/tex/latex/kvoptions/kvoptions.sty
Package: kvoptions 2019/11/29 v3.13 Key value format for package options (HO)
)
\@linkdim=\dimen143
\Hy@linkcounter=\count186
\Hy@pagecounter=\count187

(/usr/local/texlive/2020/texmf-dist/tex/latex/hyperref/pd1enc.def
File: pd1enc.def 2020/01/14 v7.00d Hyperref: PDFDocEncoding definition (HO)
Now handling font encoding PD1 ...
... no UTF-8 mapping file for font encoding PD1
)
(/usr/local/texlive/2020/texmf-dist/tex/generic/intcalc/intcalc.sty
Package: intcalc 2019/12/15 v1.3 Expandable calculations with integers (HO)
)
(/usr/local/texlive/2020/texmf-dist/tex/generic/etexcmds/etexcmds.sty
Package: etexcmds 2019/12/15 v1.7 Avoid name clashes with e-TeX commands (HO)
)
\Hy@SavedSpaceFactor=\count188
Package hyperref Info: Hyper figures OFF on input line 4547.
Package hyperref Info: Link nesting OFF on input line 4552.
Package hyperref Info: Hyper index ON on input line 4555.
Package hyperref Info: Plain pages OFF on input line 4562.
Package hyperref Info: Backreferencing OFF on input line 4567.
Package hyperref Info: Implicit mode ON; LaTeX internals redefined.
Package hyperref Info: Bookmarks ON on input line 4800.
\c@Hy@tempcnt=\count189

(/usr/local/texlive/2020/texmf-dist/tex/latex/url/url.sty
\Urlmuskip=\muskip16
Package: url 2013/09/16  ver 3.4  Verb mode for urls, etc.
)
LaTeX Info: Redefining \url on input line 5159.
\XeTeXLinkMargin=\dimen144

(/usr/local/texlive/2020/texmf-dist/tex/generic/bitset/bitset.sty
Package: bitset 2019/12/09 v1.3 Handle bit-vector datatype (HO)

(/usr/local/texlive/2020/texmf-dist/tex/generic/bigintcalc/bigintcalc.sty
Package: bigintcalc 2019/12/15 v1.5 Expandable calculations on big integers (HO
)
))
\Fld@menulength=\count190
\Field@Width=\dimen145
\Fld@charsize=\dimen146
Package hyperref Info: Hyper figures OFF on input line 6430.
Package hyperref Info: Link nesting OFF on input line 6435.
Package hyperref Info: Hyper index ON on input line 6438.
Package hyperref Info: backreferencing OFF on input line 6445.
Package hyperref Info: Link coloring OFF on input line 6450.
Package hyperref Info: Link coloring with OCG OFF on input line 6455.
Package hyperref Info: PDF/A mode OFF on input line 6460.
LaTeX Info: Redefining \ref on input line 6500.
LaTeX Info: Redefining \pageref on input line 6504.

(/usr/local/texlive/2020/texmf-dist/tex/generic/atbegshi/atbegshi.sty
Package: atbegshi 2019/12/05 v1.19 At begin shipout hook (HO)
)
\Hy@abspage=\count191
\c@Item=\count192
\c@Hfootnote=\count193
)
Package hyperref Info: Driver (autodetected): hpdftex.

(/usr/local/texlive/2020/texmf-dist/tex/latex/hyperref/hpdftex.def
File: hpdftex.def 2020/01/14 v7.00d Hyperref driver for pdfTeX

(/usr/local/texlive/2020/texmf-dist/tex/latex/atveryend/atveryend.sty
Package: atveryend 2019-12-11 v1.11 Hooks at the very end of document (HO)
Package atveryend Info: \enddocument detected (standard20110627).
)
\Fld@listcount=\count194
\c@bookmark@seq@number=\count195

(/usr/local/texlive/2020/texmf-dist/tex/latex/rerunfilecheck/rerunfilecheck.sty
Package: rerunfilecheck 2019/12/05 v1.9 Rerun checks for auxiliary files (HO)

(/usr/local/texlive/2020/texmf-dist/tex/generic/uniquecounter/uniquecounter.sty
Package: uniquecounter 2019/12/15 v1.4 Provide unlimited unique counter (HO)
)
Package uniquecounter Info: New unique counter `rerunfilecheck' on input line 2
86.
)
\Hy@SectionHShift=\skip52
) (/usr/local/texlive/2020/texmf-dist/tex/latex/tools/array.sty
Package: array 2019/08/31 v2.4l Tabular extension package (FMi)
\col@sep=\dimen147
\ar@mcellbox=\box47
\extrarowheight=\dimen148
\NC@list=\toks16
\extratabsurround=\skip53
\backup@length=\skip54
\ar@cellbox=\box48
)
(/usr/local/texlive/2020/texmf-dist/tex/latex/tools/longtable.sty
Package: longtable 2020/01/07 v4.13 Multi-page Table package (DPC)
\LTleft=\skip55
\LTright=\skip56
\LTpre=\skip57
\LTpost=\skip58
\LTchunksize=\count196
\LTcapwidth=\dimen149
\LT@head=\box49
\LT@firsthead=\box50
\LT@foot=\box51
\LT@lastfoot=\box52
\LT@cols=\count197
\LT@rows=\count198
\c@LT@tables=\count199
\c@LT@chunks=\count266
\LT@p@ftn=\toks17
)
(/usr/local/texlive/2020/texmf-dist/tex/latex/jknapltx/mathrsfs.sty
Package: mathrsfs 1996/01/01 Math RSFS package v1.0 (jk)
\symrsfs=\mathgroup4
)
(/usr/local/texlive/2020/texmf-dist/tex/latex/multirow/multirow.sty
Package: multirow 2019/05/31 v2.5 Span multiple rows of a table
\multirow@colwidth=\skip59
\multirow@cntb=\count267
\multirow@dima=\skip60
\bigstrutjot=\dimen150
)
(/usr/local/texlive/2020/texmf-dist/tex/latex/multirow/bigstrut.sty
Package: bigstrut 2019/05/31 v2.5 Provide larger struts in tabulars
)
(/usr/local/texlive/2020/texmf-dist/tex/latex/cite/cite.sty
LaTeX Info: Redefining \cite on input line 302.
LaTeX Info: Redefining \nocite on input line 332.
Package: cite 2015/02/27  v 5.5
)
(/usr/local/texlive/2020/texmf-dist/tex/latex/lm/lmodern.sty
Package: lmodern 2009/10/30 v1.6 Latin Modern Fonts
LaTeX Font Info:    Overwriting symbol font `operators' in version `normal'
(Font)                  OT1/cmr/m/n --> OT1/lmr/m/n on input line 22.
LaTeX Font Info:    Overwriting symbol font `letters' in version `normal'
(Font)                  OML/cmm/m/it --> OML/lmm/m/it on input line 23.
LaTeX Font Info:    Overwriting symbol font `symbols' in version `normal'
(Font)                  OMS/cmsy/m/n --> OMS/lmsy/m/n on input line 24.
LaTeX Font Info:    Overwriting symbol font `largesymbols' in version `normal'
(Font)                  OMX/cmex/m/n --> OMX/lmex/m/n on input line 25.
LaTeX Font Info:    Overwriting symbol font `operators' in version `bold'
(Font)                  OT1/cmr/bx/n --> OT1/lmr/bx/n on input line 26.
LaTeX Font Info:    Overwriting symbol font `letters' in version `bold'
(Font)                  OML/cmm/b/it --> OML/lmm/b/it on input line 27.
LaTeX Font Info:    Overwriting symbol font `symbols' in version `bold'
(Font)                  OMS/cmsy/b/n --> OMS/lmsy/b/n on input line 28.
LaTeX Font Info:    Overwriting symbol font `largesymbols' in version `bold'
(Font)                  OMX/cmex/m/n --> OMX/lmex/m/n on input line 29.
LaTeX Font Info:    Overwriting math alphabet `\mathbf' in version `normal'
(Font)                  OT1/cmr/bx/n --> OT1/lmr/bx/n on input line 31.
LaTeX Font Info:    Overwriting math alphabet `\mathsf' in version `normal'
(Font)                  OT1/cmss/m/n --> OT1/lmss/m/n on input line 32.
LaTeX Font Info:    Overwriting math alphabet `\mathit' in version `normal'
(Font)                  OT1/cmr/m/it --> OT1/lmr/m/it on input line 33.
LaTeX Font Info:    Overwriting math alphabet `\mathtt' in version `normal'
(Font)                  OT1/cmtt/m/n --> OT1/lmtt/m/n on input line 34.
LaTeX Font Info:    Overwriting math alphabet `\mathbf' in version `bold'
(Font)                  OT1/cmr/bx/n --> OT1/lmr/bx/n on input line 35.
LaTeX Font Info:    Overwriting math alphabet `\mathsf' in version `bold'
(Font)                  OT1/cmss/bx/n --> OT1/lmss/bx/n on input line 36.
LaTeX Font Info:    Overwriting math alphabet `\mathit' in version `bold'
(Font)                  OT1/cmr/bx/it --> OT1/lmr/bx/it on input line 37.
LaTeX Font Info:    Overwriting math alphabet `\mathtt' in version `bold'
(Font)                  OT1/cmtt/m/n --> OT1/lmtt/m/n on input line 38.
)
(/usr/local/texlive/2020/texmf-dist/tex/latex/paralist/paralist.sty
Package: paralist 2017/01/22 v2.7 Extended list environments
\pltopsep=\skip61
\plpartopsep=\skip62
\plitemsep=\skip63
\plparsep=\skip64
\pl@lab=\toks18
)
(/usr/local/texlive/2020/texmf-dist/tex/latex/footmisc/footmisc.sty
Package: footmisc 2011/06/06 v5.5b a miscellany of footnote facilities
\FN@temptoken=\toks19
\footnotemargin=\dimen151
\c@pp@next@reset=\count268
Package footmisc Info: Declaring symbol style bringhurst on input line 855.
Package footmisc Info: Declaring symbol style chicago on input line 863.
Package footmisc Info: Declaring symbol style wiley on input line 872.
Package footmisc Info: Declaring symbol style lamport-robust on input line 883.

Package footmisc Info: Declaring symbol style lamport* on input line 903.
Package footmisc Info: Declaring symbol style lamport*-robust on input line 924
.
)
(/usr/local/texlive/2020/texmf-dist/tex/latex/listings/listings.sty
\lst@mode=\count269
\lst@gtempboxa=\box53
\lst@token=\toks20
\lst@length=\count270
\lst@currlwidth=\dimen152
\lst@column=\count271
\lst@pos=\count272
\lst@lostspace=\dimen153
\lst@width=\dimen154
\lst@newlines=\count273
\lst@lineno=\count274
\lst@maxwidth=\dimen155

(/usr/local/texlive/2020/texmf-dist/tex/latex/listings/lstmisc.sty
File: lstmisc.sty 2020/03/24 1.8d (Carsten Heinz)
\c@lstnumber=\count275
\lst@skipnumbers=\count276
\lst@framebox=\box54
)
(/usr/local/texlive/2020/texmf-dist/tex/latex/listings/listings.cfg
File: listings.cfg 2020/03/24 1.8d listings configuration
))
Package: listings 2020/03/24 1.8d (Carsten Heinz)

(/usr/local/texlive/2020/texmf-dist/tex/latex/tools/multicol.sty
Package: multicol 2019/12/09 v1.8y multicolumn formatting (FMi)
\c@tracingmulticols=\count277
\mult@box=\box55
\multicol@leftmargin=\dimen156
\c@unbalance=\count278
\c@collectmore=\count279
\doublecol@number=\count280
\multicoltolerance=\count281
\multicolpretolerance=\count282
\full@width=\dimen157
\page@free=\dimen158
\premulticols=\dimen159
\postmulticols=\dimen160
\multicolsep=\skip65
\multicolbaselineskip=\skip66
\partial@page=\box56
\last@line=\box57
\maxbalancingoverflow=\dimen161
\mult@rightbox=\box58
\mult@grightbox=\box59
\mult@gfirstbox=\box60
\mult@firstbox=\box61
\@tempa=\box62
\@tempa=\box63
\@tempa=\box64
\@tempa=\box65
\@tempa=\box66
\@tempa=\box67
\@tempa=\box68
\@tempa=\box69
\@tempa=\box70
\@tempa=\box71
\@tempa=\box72
\@tempa=\box73
\@tempa=\box74
\@tempa=\box75
\@tempa=\box76
\@tempa=\box77
\@tempa=\box78
\@tempa=\box79
\@tempa=\box80
\@tempa=\box81
\@tempa=\box82
\@tempa=\box83
\@tempa=\box84
\@tempa=\box85
\@tempa=\box86
\@tempa=\box87
\@tempa=\box88
\@tempa=\box89
\@tempa=\box90
\@tempa=\box91
\@tempa=\box92
\@tempa=\box93
\@tempa=\box94
\@tempa=\box95
\@tempa=\box96
\@tempa=\box97
\@tempa=\box98
\c@minrows=\count283
\c@columnbadness=\count284
\c@finalcolumnbadness=\count285
\last@try=\dimen162
\multicolovershoot=\dimen163
\multicolundershoot=\dimen164
\mult@nat@firstbox=\box99
\colbreak@box=\box100
\mc@col@check@num=\count286
)
(/usr/local/texlive/2020/texmf-dist/tex/latex/caption/subcaption.sty
Package: subcaption 2020/01/22 v1.3d Sub-captions (AR)

(/usr/local/texlive/2020/texmf-dist/tex/latex/caption/caption.sty
Package: caption 2020/01/03 v3.4h Customizing captions (AR)

(/usr/local/texlive/2020/texmf-dist/tex/latex/caption/caption3.sty
Package: caption3 2020/01/03 v1.8h caption3 kernel (AR)
Package caption3 Info: TeX engine: e-TeX on input line 61.
\captionmargin=\dimen165
\captionmargin@=\dimen166
\captionwidth=\dimen167
\caption@tempdima=\dimen168
\caption@indent=\dimen169
\caption@parindent=\dimen170
\caption@hangindent=\dimen171
Package caption Info: Standard document class detected.
)
\c@caption@flags=\count287
\c@continuedfloat=\count288
Package caption Info: hyperref package is loaded.
Package caption Info: listings package is loaded.
Package caption Info: longtable package is loaded.

(/usr/local/texlive/2020/texmf-dist/tex/latex/caption/ltcaption.sty
Package: ltcaption 2018/08/26 v1.4a longtable captions (AR)
))
\c@subfigure=\count289
\c@subtable=\count290
)
(/usr/local/texlive/2020/texmf-dist/tex/latex/natbib/bibentry.sty
Package: bibentry 2007/10/30 1.5 (PWD)
)
(/usr/local/texlive/2020/texmf-dist/tex/latex/base/makeidx.sty
Package: makeidx 2014/09/29 v1.0m Standard LaTeX package
)
(/usr/local/texlive/2020/texmf-dist/tex/latex/tools/tabularx.sty
Package: tabularx 2020/01/15 v2.11c `tabularx' package (DPC)
\TX@col@width=\dimen172
\TX@old@table=\dimen173
\TX@old@col=\dimen174
\TX@target=\dimen175
\TX@delta=\dimen176
\TX@cols=\count291
\TX@ftn=\toks21
)
(/usr/local/texlive/2020/texmf-dist/tex/latex/colortbl/colortbl.sty
Package: colortbl 2020/01/04 v1.0e Color table columns (DPC)

(/usr/local/texlive/2020/texmf-dist/tex/latex/graphics/color.sty
Package: color 2019/11/23 v1.2a Standard LaTeX Color (DPC)

(/usr/local/texlive/2020/texmf-dist/tex/latex/graphics-cfg/color.cfg
File: color.cfg 2016/01/02 v1.6 sample color configuration
)
Package color Info: Driver file: pdftex.def on input line 147.

(/usr/local/texlive/2020/texmf-dist/tex/latex/graphics-def/pdftex.def
File: pdftex.def 2018/01/08 v1.0l Graphics/color driver for pdftex
))
\everycr=\toks22
\minrowclearance=\skip67
)
(/usr/local/texlive/2020/texmf-dist/tex/latex/xcolor/xcolor.sty
Package: xcolor 2016/05/11 v2.12 LaTeX color extensions (UK)

(/usr/local/texlive/2020/texmf-dist/tex/latex/graphics-cfg/color.cfg
File: color.cfg 2016/01/02 v1.6 sample color configuration
)
Package xcolor Info: Driver file: pdftex.def on input line 225.
LaTeX Info: Redefining \color on input line 709.
Package xcolor Info: Model `cmy' substituted by `cmy0' on input line 1348.
Package xcolor Info: Model `hsb' substituted by `rgb' on input line 1352.
Package xcolor Info: Model `RGB' extended on input line 1364.
Package xcolor Info: Model `HTML' substituted by `rgb' on input line 1366.
Package xcolor Info: Model `Hsb' substituted by `hsb' on input line 1367.
Package xcolor Info: Model `tHsb' substituted by `hsb' on input line 1368.
Package xcolor Info: Model `HSB' substituted by `hsb' on input line 1369.
Package xcolor Info: Model `Gray' substituted by `gray' on input line 1370.
Package xcolor Info: Model `wave' substituted by `hsb' on input line 1371.

(/usr/local/texlive/2020/texmf-dist/tex/latex/graphics/dvipsnam.def
File: dvipsnam.def 2016/06/17 v3.0m Driver-dependent file (DPC,SPQR)
))
(/usr/local/texlive/2020/texmf-dist/tex/latex/sttools/flushend.sty
Package: flushend 2017/03/27 v3.3 Balancing columns in twocolumn mode
\flushend@@lastskip@a=\skip68
\flushend@@lastskip@b=\skip69
\flushend@@lastskip@c=\skip70
\flushend@@penalty@a=\count292
\flushend@@lastkern@a=\dimen177
\var@@temp@spread=\dimen178
\var@@temp@a=\dimen179
\flushend@@page@rule=\dimen180
\flushend@@varbox@a=\box101
\flushend@@varbox@c=\box102
\flushend@@tempbox@a=\box103
\flushend@@tempbox@c=\box104
\@viper=\box105
\hold@viper=\box106
\atColsBreak=\toks23
\atColsEnd=\toks24

(/usr/local/texlive/2020/texmf-dist/tex/latex/etoolbox/etoolbox.sty
Package: etoolbox 2019/09/21 v2.5h e-TeX tools for LaTeX (JAW)
\etb@tempcnta=\count293
))
(/usr/local/texlive/2020/texmf-dist/tex/latex/amsmath/amsmath.sty
Package: amsmath 2020/01/20 v2.17e AMS math features
\@mathmargin=\skip71

For additional information on amsmath, use the `?' option.
(/usr/local/texlive/2020/texmf-dist/tex/latex/amsmath/amstext.sty
Package: amstext 2000/06/29 v2.01 AMS text

(/usr/local/texlive/2020/texmf-dist/tex/latex/amsmath/amsgen.sty
File: amsgen.sty 1999/11/30 v2.0 generic functions
\@emptytoks=\toks25
\ex@=\dimen181
))
(/usr/local/texlive/2020/texmf-dist/tex/latex/amsmath/amsbsy.sty
Package: amsbsy 1999/11/29 v1.2d Bold Symbols
\pmbraise@=\dimen182
)
(/usr/local/texlive/2020/texmf-dist/tex/latex/amsmath/amsopn.sty
Package: amsopn 2016/03/08 v2.02 operator names
)
\inf@bad=\count294
LaTeX Info: Redefining \frac on input line 227.
\uproot@=\count295
\leftroot@=\count296
LaTeX Info: Redefining \overline on input line 389.
\classnum@=\count297
\DOTSCASE@=\count298
LaTeX Info: Redefining \ldots on input line 486.
LaTeX Info: Redefining \dots on input line 489.
LaTeX Info: Redefining \cdots on input line 610.
\Mathstrutbox@=\box107
\strutbox@=\box108
\big@size=\dimen183
LaTeX Font Info:    Redeclaring font encoding OML on input line 733.
LaTeX Font Info:    Redeclaring font encoding OMS on input line 734.
\macc@depth=\count299
\c@MaxMatrixCols=\count300
\dotsspace@=\muskip17
\c@parentequation=\count301
\dspbrk@lvl=\count302
\tag@help=\toks26
\row@=\count303
\column@=\count304
\maxfields@=\count305
\andhelp@=\toks27
\eqnshift@=\dimen184
\alignsep@=\dimen185
\tagshift@=\dimen186
\tagwidth@=\dimen187
\totwidth@=\dimen188
\lineht@=\dimen189
\@envbody=\toks28
\multlinegap=\skip72
\multlinetaggap=\skip73
\mathdisplay@stack=\toks29
LaTeX Info: Redefining \[ on input line 2859.
LaTeX Info: Redefining \] on input line 2860.
)
(/usr/local/texlive/2020/texmf-dist/tex/latex/graphics/epsfig.sty
Package: epsfig 2017/06/25 v1.7b (e)psfig emulation (SPQR)

(/usr/local/texlive/2020/texmf-dist/tex/latex/graphics/graphicx.sty
Package: graphicx 2019/11/30 v1.2a Enhanced LaTeX Graphics (DPC,SPQR)

(/usr/local/texlive/2020/texmf-dist/tex/latex/graphics/graphics.sty
Package: graphics 2019/11/30 v1.4a Standard LaTeX Graphics (DPC,SPQR)

(/usr/local/texlive/2020/texmf-dist/tex/latex/graphics/trig.sty
Package: trig 2016/01/03 v1.10 sin cos tan (DPC)
)
(/usr/local/texlive/2020/texmf-dist/tex/latex/graphics-cfg/graphics.cfg
File: graphics.cfg 2016/06/04 v1.11 sample graphics configuration
)
Package graphics Info: Driver file: pdftex.def on input line 105.
)
\Gin@req@height=\dimen190
\Gin@req@width=\dimen191
)
\epsfxsize=\dimen192
\epsfysize=\dimen193
)
(/usr/local/texlive/2020/texmf-dist/tex/latex/stmaryrd/stmaryrd.sty
Package: stmaryrd 1994/03/03 St Mary's Road symbol package
\symstmry=\mathgroup5
LaTeX Font Info:    Overwriting symbol font `stmry' in version `bold'
(Font)                  U/stmry/m/n --> U/stmry/b/n on input line 89.
)
(/usr/local/texlive/2020/texmf-dist/tex/latex/tools/bm.sty
Package: bm 2019/07/24 v1.2d Bold Symbol Support (DPC/FMi)
\symboldoperators=\mathgroup6
\symboldletters=\mathgroup7
\symboldsymbols=\mathgroup8
\symboldstmry=\mathgroup9
LaTeX Font Info:    Redeclaring math alphabet \mathbf on input line 141.
LaTeX Info: Redefining \bm on input line 209.
)
(/usr/local/texlive/2020/texmf-dist/tex/latex/amscls/amsthm.sty
Package: amsthm 2017/10/31 v2.20.4
\thm@style=\toks30
\thm@bodyfont=\toks31
\thm@headfont=\toks32
\thm@notefont=\toks33
\thm@headpunct=\toks34
\thm@preskip=\skip74
\thm@postskip=\skip75
\thm@headsep=\skip76
\dth@everypar=\toks35
)
(/usr/local/texlive/2020/texmf-dist/tex/latex/amsfonts/amssymb.sty
Package: amssymb 2013/01/14 v3.01 AMS font symbols

(/usr/local/texlive/2020/texmf-dist/tex/latex/amsfonts/amsfonts.sty
Package: amsfonts 2013/01/14 v3.01 Basic AMSFonts support
\symAMSa=\mathgroup10
\symAMSb=\mathgroup11
LaTeX Font Info:    Redeclaring math symbol \hbar on input line 98.
LaTeX Font Info:    Overwriting math alphabet `\mathfrak' in version `bold'
(Font)                  U/euf/m/n --> U/euf/b/n on input line 106.
)
LaTeX Font Info:    Redeclaring math symbol \boxdot on input line 44.
)
(/usr/local/texlive/2020/texmf-dist/tex/latex/base/latexsym.sty
Package: latexsym 1998/08/17 v2.2e Standard LaTeX package (lasy symbols)
\symlasy=\mathgroup12
LaTeX Font Info:    Overwriting symbol font `lasy' in version `bold'
(Font)                  U/lasy/m/n --> U/lasy/b/n on input line 52.
)
(/usr/local/texlive/2020/texmf-dist/tex/latex/enumitem/enumitem.sty
Package: enumitem 2019/06/20 v3.9 Customized lists
\labelindent=\skip77
\enit@outerparindent=\dimen194
\enit@toks=\toks36
\enit@inbox=\box109
\enit@count@id=\count306
\enitdp@description=\count307
)
(/usr/local/texlive/2020/texmf-dist/tex/latex/comment/comment.sty
\CommentStream=\write3

Excluding comment 'comment')
(/usr/local/texlive/2020/texmf-dist/tex/latex/supertabular/supertabular.sty
Package: supertabular 2020/02/02 v4.1g the supertabular environment
\c@tracingst=\count308
\ST@wd=\dimen195
\ST@rightskip=\skip78
\ST@leftskip=\skip79
\ST@parfillskip=\skip80
\ST@pageleft=\dimen196
\ST@headht=\dimen197
\ST@tailht=\dimen198
\ST@pagesofar=\dimen199
\ST@pboxht=\dimen256
\ST@lineht=\dimen257
\ST@prevht=\dimen258
\ST@toadd=\dimen259
\ST@dimen=\dimen260
\ST@pbox=\box110
)
(/usr/local/texlive/2020/texmf-dist/tex/latex/psnfss/times.sty
Package: times 2005/04/12 PSNFSS-v9.2a (SPQR) 
)
(/usr/local/texlive/2020/texmf-dist/tex/latex/booktabs/booktabs.sty
Package: booktabs 2020/01/12 v1.61803398 Publication quality tables
\heavyrulewidth=\dimen261
\lightrulewidth=\dimen262
\cmidrulewidth=\dimen263
\belowrulesep=\dimen264
\belowbottomsep=\dimen265
\aboverulesep=\dimen266
\abovetopsep=\dimen267
\cmidrulesep=\dimen268
\cmidrulekern=\dimen269
\defaultaddspace=\dimen270
\@cmidla=\count309
\@cmidlb=\count310
\@aboverulesep=\dimen271
\@belowrulesep=\dimen272
\@thisruleclass=\count311
\@lastruleclass=\count312
\@thisrulewidth=\dimen273
)
(/usr/local/texlive/2020/texmf-dist/tex/latex/preprint/balance.sty
Package: balance 1999/02/23 4.3 (PWD)
\oldvsize=\dimen274
)
(/usr/local/texlive/2020/texmf-dist/tex/latex/tools/xspace.sty
Package: xspace 2014/10/28 v1.13 Space after command names (DPC,MH)
)
(/usr/local/texlive/2020/texmf-dist/tex/latex/algorithm2e/algorithm2e.sty
Package: algorithm2e 2017/07/18 v5.2 algorithms environments
\c@AlgoLine=\count313
\algocf@hangindent=\skip81

(/usr/local/texlive/2020/texmf-dist/tex/latex/ifoddpage/ifoddpage.sty
Package: ifoddpage 2016/04/23 v1.1 Conditionals for odd/even page detection
\c@checkoddpage=\count314
)
(/usr/local/texlive/2020/texmf-dist/tex/latex/relsize/relsize.sty
Package: relsize 2013/03/29 ver 4.1
)
\skiptotal=\skip82
\skiplinenumber=\skip83
\skiprule=\skip84
\skiphlne=\skip85
\skiptext=\skip86
\skiplength=\skip87
\algomargin=\skip88
\skipalgocfslide=\skip89
\algowidth=\dimen275
\inoutsize=\dimen276
\inoutindent=\dimen277
\interspacetitleruled=\dimen278
\interspacealgoruled=\dimen279
\interspacetitleboxruled=\dimen280
\algocf@ruledwidth=\skip90
\algocf@inoutbox=\box111
\algocf@inputbox=\box112
\AlCapSkip=\skip91
\AlCapHSkip=\skip92
\algoskipindent=\skip93
\algocf@nlbox=\box113
\algocf@hangingbox=\box114
\algocf@untilbox=\box115
\algocf@skipuntil=\skip94
\algocf@capbox=\box116
\algocf@lcaptionbox=\skip95
\algoheightruledefault=\skip96
\algoheightrule=\skip97
\algotitleheightruledefault=\skip98
\algotitleheightrule=\skip99
\c@algocfline=\count315
\c@algocfproc=\count316
\c@algocf=\count317
\algocf@algoframe=\box117
\algocf@algobox=\box118
)
(/usr/local/texlive/2020/texmf-dist/tex/latex/csquotes/csquotes.sty
Package: csquotes 2019-12-06 v5.2j context-sensitive quotations (JAW)
\csq@reset=\count318
\csq@gtype=\count319
\csq@glevel=\count320
\csq@qlevel=\count321
\csq@maxlvl=\count322
\csq@tshold=\count323
\csq@ltx@everypar=\toks37

(/usr/local/texlive/2020/texmf-dist/tex/latex/csquotes/csquotes.def
File: csquotes.def 2019-12-06 v5.2j csquotes generic definitions (JAW)
)
Package csquotes Info: Trying to load configuration file 'csquotes.cfg'...
Package csquotes Info: ... configuration file loaded successfully.

(/usr/local/texlive/2020/texmf-dist/tex/latex/csquotes/csquotes.cfg
File: csquotes.cfg 
)
Package csquotes Info: Enabling multilingual quotes.
)
(/usr/local/texlive/2020/texmf-dist/tex/latex/preprint/authblk.sty
Package: authblk 2001/02/27 1.3 (PWD)
\affilsep=\skip100
\@affilsep=\skip101
\c@Maxaffil=\count324
\c@authors=\count325
\c@affil=\count326
)
   defining Unicode char U+2212 (decimal 8722)
\c@observation=\count327
\c@lemma=\count328
\c@definition=\count329
\c@corollary=\count330
\c@theorem=\count331
\c@note=\count332
Package hyperref Info: Option `colorlinks' set `true' on input line 105.
 (./Main.bbl)
Package csquotes Info: Checking for multilingual support...
Package csquotes Info: ... none found.


Package csquotes Warning: No multilingual support.
(csquotes)                Cannot enable multilingual quotes on input line 141.

(/usr/local/texlive/2020/texmf-dist/tex/latex/l3backend/l3backend-pdfmode.def
File: l3backend-pdfmode.def 2020-03-12 L3 backend support: PDF mode
\l__kernel_color_stack_int=\count333
\l__pdf_internal_box=\box119
)
(./Main.aux

LaTeX Warning: Label `chap:faultModeling' multiply defined.


LaTeX Warning: Label `fig:ivcElements1' multiply defined.


LaTeX Warning: Label `fig:ivcElements2' multiply defined.


LaTeX Warning: Label `chap:granularity' multiply defined.

)
\openout1 = `Main.aux'.

LaTeX Font Info:    Checking defaults for OML/cmm/m/it on input line 141.
LaTeX Font Info:    ... okay on input line 141.
LaTeX Font Info:    Checking defaults for OMS/cmsy/m/n on input line 141.
LaTeX Font Info:    ... okay on input line 141.
LaTeX Font Info:    Checking defaults for OT1/cmr/m/n on input line 141.
LaTeX Font Info:    ... okay on input line 141.
LaTeX Font Info:    Checking defaults for T1/cmr/m/n on input line 141.
LaTeX Font Info:    ... okay on input line 141.
LaTeX Font Info:    Checking defaults for TS1/cmr/m/n on input line 141.
LaTeX Font Info:    ... okay on input line 141.
LaTeX Font Info:    Checking defaults for OMX/cmex/m/n on input line 141.
LaTeX Font Info:    ... okay on input line 141.
LaTeX Font Info:    Checking defaults for U/cmr/m/n on input line 141.
LaTeX Font Info:    ... okay on input line 141.
LaTeX Font Info:    Checking defaults for PD1/pdf/m/n on input line 141.
LaTeX Font Info:    ... okay on input line 141.
LaTeX Font Info:    Trying to load font information for OT1+ptm on input line 1
41.
 (/usr/local/texlive/2020/texmf-dist/tex/latex/psnfss/ot1ptm.fd
File: ot1ptm.fd 2001/06/04 font definitions for OT1/ptm.
)
\AtBeginShipoutBox=\box120
Package hyperref Info: Link coloring ON on input line 141.

(/usr/local/texlive/2020/texmf-dist/tex/latex/hyperref/nameref.sty
Package: nameref 2019/09/16 v2.46 Cross-referencing by name of section

(/usr/local/texlive/2020/texmf-dist/tex/latex/refcount/refcount.sty
Package: refcount 2019/12/15 v3.6 Data extraction from label references (HO)
)
(/usr/local/texlive/2020/texmf-dist/tex/generic/gettitlestring/gettitlestring.s
ty
Package: gettitlestring 2019/12/15 v1.6 Cleanup title references (HO)
)
\c@section@level=\count334
)
LaTeX Info: Redefining \ref on input line 141.
LaTeX Info: Redefining \pageref on input line 141.
LaTeX Info: Redefining \nameref on input line 141.
 (./Main.out) (./Main.out)
\@outlinefile=\write4
\openout4 = `Main.out'.

\c@lstlisting=\count335
Package caption Info: Begin \AtBeginDocument code.
Package caption Info: supertabular package is loaded.
Package caption Info: End \AtBeginDocument code.

(/usr/local/texlive/2020/texmf-dist/tex/context/base/mkii/supp-pdf.mkii
[Loading MPS to PDF converter (version 2006.09.02).]
\scratchcounter=\count336
\scratchdimen=\dimen281
\scratchbox=\box121
\nofMPsegments=\count337
\nofMParguments=\count338
\everyMPshowfont=\toks38
\MPscratchCnt=\count339
\MPscratchDim=\dimen282
\MPnumerator=\count340
\makeMPintoPDFobject=\count341
\everyMPtoPDFconversion=\toks39
) (/usr/local/texlive/2020/texmf-dist/tex/latex/epstopdf-pkg/epstopdf-base.sty
Package: epstopdf-base 2020-01-24 v2.11 Base part for package epstopdf
Package epstopdf-base Info: Redefining graphics rule for `.eps' on input line 4
85.

(/usr/local/texlive/2020/texmf-dist/tex/latex/latexconfig/epstopdf-sys.cfg
File: epstopdf-sys.cfg 2010/07/13 v1.3 Configuration of (r)epstopdf for TeX Liv
e
))
(./title.tex
Title

Underfull \vbox (badness 10000) detected at line 35
 []

[1

{/usr/local/texlive/2020/texmf-var/fonts/map/pdftex/updmap/pdftex.map}]
Copyright
LaTeX Font Info:    Trying to load font information for TS1+ptm on input line 3
5.
(/usr/local/texlive/2020/texmf-dist/tex/latex/psnfss/ts1ptm.fd
File: ts1ptm.fd 2001/06/04 font definitions for TS1/ptm.
) [2]
Acknowledgements
(./Acknowledgements.tex
Underfull \hbox (badness 10000) in paragraph at lines 1--2

 []


Underfull \hbox (badness 10000) in paragraph at lines 3--4

 []


Underfull \hbox (badness 10000) in paragraph at lines 5--6

 []

) [1

] (./Abstract.tex)
Abstract
[2] (./Main.toc
LaTeX Font Info:    Trying to load font information for OT1+lmr on input line 5
.
 (/usr/local/texlive/2020/texmf-dist/tex/latex/lm/ot1lmr.fd
File: ot1lmr.fd 2009/10/30 v1.6 Font defs for Latin Modern
)
LaTeX Font Info:    Trying to load font information for OML+lmm on input line 5
.

(/usr/local/texlive/2020/texmf-dist/tex/latex/lm/omllmm.fd
File: omllmm.fd 2009/10/30 v1.6 Font defs for Latin Modern
)
LaTeX Font Info:    Trying to load font information for OMS+lmsy on input line 
5.

(/usr/local/texlive/2020/texmf-dist/tex/latex/lm/omslmsy.fd
File: omslmsy.fd 2009/10/30 v1.6 Font defs for Latin Modern
)
LaTeX Font Info:    Trying to load font information for OMX+lmex on input line 
5.

(/usr/local/texlive/2020/texmf-dist/tex/latex/lm/omxlmex.fd
File: omxlmex.fd 2009/10/30 v1.6 Font defs for Latin Modern
)
LaTeX Font Info:    External font `lmex10' loaded for size
(Font)              <10.95> on input line 5.
LaTeX Font Info:    External font `lmex10' loaded for size
(Font)              <8> on input line 5.
LaTeX Font Info:    External font `lmex10' loaded for size
(Font)              <6> on input line 5.
LaTeX Font Info:    Trying to load font information for U+rsfs on input line 5.


(/usr/local/texlive/2020/texmf-dist/tex/latex/jknapltx/ursfs.fd
File: ursfs.fd 1998/03/24 rsfs font definition file (jk)
)
LaTeX Font Info:    Trying to load font information for U+stmry on input line 5
.

(/usr/local/texlive/2020/texmf-dist/tex/latex/stmaryrd/Ustmry.fd)

LaTeX Font Warning: Font shape `U/stmry/b/n' undefined
(Font)              using `U/stmry/m/n' instead on input line 5.

LaTeX Font Info:    Trying to load font information for U+msa on input line 5.
(/usr/local/texlive/2020/texmf-dist/tex/latex/amsfonts/umsa.fd
File: umsa.fd 2013/01/14 v3.01 AMS symbols A
)
LaTeX Font Info:    Trying to load font information for U+msb on input line 5.

(/usr/local/texlive/2020/texmf-dist/tex/latex/amsfonts/umsb.fd
File: umsb.fd 2013/01/14 v3.01 AMS symbols B
)
LaTeX Font Info:    Trying to load font information for U+lasy on input line 5.


(/usr/local/texlive/2020/texmf-dist/tex/latex/base/ulasy.fd
File: ulasy.fd 1998/08/17 v2.2e LaTeX symbol font definitions
) [3

] [4])
\tf@toc=\write5
\openout5 = `Main.toc'.

 [5]
(./Main.lof [6

])
\tf@lof=\write6
\openout6 = `Main.lof'.

 [7]) (./Introduction.tex
Chapter 1.
pdfTeX warning (ext4): destination with the same identifier (name{page.1}) has 
been already used, duplicate ignored
<to be read again> 
                   \relax 
l.10 
      [1

]pdfTeX warning (ext4): destination with the same identifier (name{page.2}) has
 been already used, duplicate ignored
<to be read again> 
                   \relax 
l.17 
      [2] [3] [4] [5]
Underfull \hbox (badness 10000) in paragraph at lines 44--45

 []

[6]) (./Preliminaries.tex [7]
Chapter 2.
(./CriticalSysDev.tex
<images/v1.png, id=514, 406.51875pt x 247.92625pt>
File: images/v1.png Graphic file (type png)
<use images/v1.png>
Package pdftex.def Info: images/v1.png  used on input line 11.
(pdftex.def)             Requested size: 353.22215pt x 215.42928pt.
 [8

] [9 <./images/v1.png>]
<images/v2.png, id=543, 431.6125pt x 256.96pt>
File: images/v2.png Graphic file (type png)
<use images/v2.png>
Package pdftex.def Info: images/v2.png  used on input line 34.
(pdftex.def)             Requested size: 353.22215pt x 210.29686pt.
 [10] [11 <./images/v2.png>]
Overfull \hbox (5.70557pt too wide) in paragraph at lines 56--57
[]\OT1/ptm/m/n/10.95 verifies that the sys-
 []

(./MBSA.tex
<images/process3.png, id=556, 963.6pt x 542.025pt>
File: images/process3.png Graphic file (type png)
<use images/process3.png>
Package pdftex.def Info: images/process3.png  used on input line 8.
(pdftex.def)             Requested size: 353.22215pt x 195.00584pt.
 [12 <./images/process3.png>]
<images/SACycle.PNG, id=565, 602.75188pt x 314.17375pt>
File: images/SACycle.PNG Graphic file (type png)
<use images/SACycle.PNG>
Package pdftex.def Info: images/SACycle.PNG  used on input line 28.
(pdftex.def)             Requested size: 415.55249pt x 216.59795pt.


LaTeX Warning: `h' float specifier changed to `ht'.

) (./crisysArtifacts.tex) Excluding 'comment' comment.)
(./FormalMethodsinSA.tex [13] [14 <./images/SACycle.PNG>] [15] [16] [17])
(./FormalMethods.tex (./formalVV.tex [18] [19]) (./satisfiabilityBackground.tex
[20]
LaTeX Font Info:    Trying to load font information for OT1+pcr on input line 1
8.
 (/usr/local/texlive/2020/texmf-dist/tex/latex/psnfss/ot1pcr.fd
File: ot1pcr.fd 2001/06/04 font definitions for OT1/pcr.
))
(./artifactsAndFormalizations.tex [21]
<images/introFT2.pdf, id=785, 318.18875pt x 178.6675pt>
File: images/introFT2.pdf Graphic file (type pdf)
<use images/introFT2.pdf>
Package pdftex.def Info: images/introFT2.pdf  used on input line 11.
(pdftex.def)             Requested size: 227.62204pt x 127.8117pt.
 [22]
<images/bdd.png, id=805, 431.11063pt x 173.14688pt>
File: images/bdd.png Graphic file (type png)
<use images/bdd.png>
Package pdftex.def Info: images/bdd.png  used on input line 27.
(pdftex.def)             Requested size: 332.44325pt x 133.52165pt.
 [23 <./images/introFT2.pdf

pdfTeX warning: /Library/TeX/texbin/pdflatex (file ./images/introFT2.pdf): PDF 
inclusion: invalid other resource which is no dict (key 'ProcSets', type <array
>); ignored.
>] [24 <./images/bdd.png>]
Underfull \hbox (badness 10000) in paragraph at lines 62--63

 []

[25]) (./compositionalMC.tex [26]
Overfull \hbox (4.96082pt too wide) in paragraph at lines 8--9
[]\OT1/ptm/m/n/10.95 A com-po-nent con-tract in an assume-guarantee rea-son-ing
 en-vi-ron-ment is an assume-guarantee
 []

))) (./FaultModeling.tex [27] [28]
Chapter 3.
File: images/SACycle.PNG Graphic file (type png)
<use images/SACycle.PNG>
Package pdftex.def Info: images/SACycle.PNG  used on input line 7.
(pdftex.def)             Requested size: 415.55249pt x 216.59795pt.
[29

] [30]
<images/system_sensor.pdf, id=897, 597.55246pt x 845.07718pt>
File: images/system_sensor.pdf Graphic file (type pdf)
<use images/system_sensor.pdf>
Package pdftex.def Info: images/system_sensor.pdf  used on input line 48.
(pdftex.def)             Requested size: 537.97047pt x 117.24506pt.

Overfull \hbox (122.41798pt too wide) in paragraph at lines 48--50
 [] 
 []


LaTeX Warning: `!h' float specifier changed to `!ht'.

<images/safetyannex_sensorfault.pdf, id=900, 597.55246pt x 845.07718pt>
File: images/safetyannex_sensorfault.pdf Graphic file (type pdf)
<use images/safetyannex_sensorfault.pdf>
Package pdftex.def Info: images/safetyannex_sensorfault.pdf  used on input line
 64.
(pdftex.def)             Requested size: 537.97047pt x 81.69415pt.

Overfull \hbox (122.41798pt too wide) in paragraph at lines 64--66
 [] 
 []


LaTeX Warning: `!h' float specifier changed to `!ht'.

[31] [32 <./images/system_sensor.pdf> <./images/safetyannex_sensorfault.pdf>]

pdfTeX warning: /Library/TeX/texbin/pdflatex (file ./images/Comparison_with_EMV
2.pdf): PDF inclusion: found PDF version <1.6>, but at most version <1.5> allow
ed
<images/Comparison_with_EMV2.pdf, id=943, 794.97pt x 614.295pt>
File: images/Comparison_with_EMV2.pdf Graphic file (type pdf)
<use images/Comparison_with_EMV2.pdf>
Package pdftex.def Info: images/Comparison_with_EMV2.pdf  used on input line 91
.
(pdftex.def)             Requested size: 415.55249pt x 313.76733pt.
[33 <./images/Comparison_with_EMV2.pdf, page is rotated 90 degrees>]
<images/hw_fault2.png, id=1022, 294.09875pt x 55.70813pt>
File: images/hw_fault2.png Graphic file (type png)
<use images/hw_fault2.png>
Package pdftex.def Info: images/hw_fault2.png  used on input line 120.
(pdftex.def)             Requested size: 249.33403pt x 47.22885pt.
 [34 <./images/hw_fault2.png>]
<images/hw_prop_stmt.png, id=1031, 511.41063pt x 87.82813pt>
File: images/hw_prop_stmt.png Graphic file (type png)
<use images/hw_prop_stmt.png>
Package pdftex.def Info: images/hw_prop_stmt.png  used on input line 138.
(pdftex.def)             Requested size: 415.55249pt x 71.36552pt.
<images/hypothesisMaxN.png, id=1032, 147.04938pt x 36.63687pt>
File: images/hypothesisMaxN.png Graphic file (type png)
<use images/hypothesisMaxN.png>
Package pdftex.def Info: images/hypothesisMaxN.png  used on input line 159.
(pdftex.def)             Requested size: 166.21844pt x 41.41313pt.
<images/hypothesisProb.png, id=1033, 181.17688pt x 38.1425pt>
File: images/hypothesisProb.png Graphic file (type png)
<use images/hypothesisProb.png>
Package pdftex.def Info: images/hypothesisProb.png  used on input line 170.
(pdftex.def)             Requested size: 207.77625pt x 43.74304pt.
 [35 <./images/hw_prop_stmt.png> <./images/hypothesisMaxN.png> <./images/hypoth
esisProb.png>] (./Byzantine.tex
<images/commNodes.png, id=1048, 496.35437pt x 325.215pt>
File: images/commNodes.png Graphic file (type png)
<use images/commNodes.png>
Package pdftex.def Info: images/commNodes.png  used on input line 10.
(pdftex.def)             Requested size: 415.55249pt x 272.27557pt.
<images/asymFaultDef.png, id=1049, 404.00937pt x 81.80562pt>
File: images/asymFaultDef.png Graphic file (type png)
<use images/asymFaultDef.png>
Package pdftex.def Info: images/asymFaultDef.png  used on input line 15.
(pdftex.def)             Requested size: 415.55249pt x 84.14462pt.
 [36] [37 <./images/commNodes.png> <./images/asymFaultDef.png>])
<images/arch.png, id=1065, 462.0462pt x 108.405pt>
File: images/arch.png Graphic file (type png)
<use images/arch.png>
Package pdftex.def Info: images/arch.png  used on input line 190.
(pdftex.def)             Requested size: 415.55249pt x 97.49907pt.
 [38 <./images/arch.png>]
<images/lustre.jpg, id=1076, 1132.23pt x 559.33969pt>
File: images/lustre.jpg Graphic file (type jpg)
<use images/lustre.jpg>
Package pdftex.def Info: images/lustre.jpg  used on input line 207.
(pdftex.def)             Requested size: 339.67162pt x 167.80319pt.
<images/ivcElements1.png, id=1079, 452.18938pt x 213.29688pt>
File: images/ivcElements1.png Graphic file (type png)
<use images/ivcElements1.png>
Package pdftex.def Info: images/ivcElements1.png  used on input line 225.
(pdftex.def)             Requested size: 226.09413pt x 106.64816pt.


LaTeX Warning: `!h' float specifier changed to `!ht'.

<images/ivcElements2.png, id=1081, 462.22687pt x 299.1175pt>
File: images/ivcElements2.png Graphic file (type png)
<use images/ivcElements2.png>
Package pdftex.def Info: images/ivcElements2.png  used on input line 237.
(pdftex.def)             Requested size: 231.11287pt x 149.55838pt.

LaTeX Warning: `!h' float specifier changed to `!ht'.

[39 <./images/lustre.jpg>]) (./CompositionalMCSGen.tex [40 <./images/ivcElement
s1.png> <./images/ivcElements2.png>]
Chapter 4.
[41

] [42] (./backgroundMinCutSet.tex [43]) (./formalizationMinCutSet.tex
[44]
<images/stepsOfTransformation.PNG, id=1141, 610.28pt x 214.8025pt>
File: images/stepsOfTransformation.PNG Graphic file (type png)
<use images/stepsOfTransformation.PNG>
Package pdftex.def Info: images/stepsOfTransformation.PNG  used on input line 4
3.
(pdftex.def)             Requested size: 332.44325pt x 117.01424pt.
 [45] [46 <./images/stepsOfTransformation.PNG>]
Overfull \hbox (16.63014pt too wide) in paragraph at lines 94--95
[]\OT1/ptm/m/n/10.95 Once all re-place-ments have been made, the set $\OML/lmm/
m/it/10.95 MCS[]$ \OT1/ptm/m/n/10.95 con-tains only faults. Since $\OML/lmm/m/i
t/10.95 MCS[] \OMS/lmsy/m/n/10.95 `
 []

) (./algorithms.tex
File: images/ivcElements1.png Graphic file (type png)
<use images/ivcElements1.png>
Package pdftex.def Info: images/ivcElements1.png  used on input line 12.
(pdftex.def)             Requested size: 226.09413pt x 106.64816pt.

Underfull \hbox (badness 10000) in paragraph at lines 18--19

 []

[47]
Underfull \hbox (badness 10000) in paragraph at lines 20--21

 []

File: images/ivcElements2.png Graphic file (type png)
<use images/ivcElements2.png>
Package pdftex.def Info: images/ivcElements2.png  used on input line 28.
(pdftex.def)             Requested size: 231.11287pt x 149.55838pt.
[48] [49] [50]
Underfull \hbox (badness 10000) in paragraph at lines 109--110

 []


Underfull \hbox (badness 10000) in paragraph at lines 113--114

 []

)) (./Granularity.tex [51]
Chapter 5.
LaTeX Font Info:    External font `lmex10' loaded for size
(Font)              <9> on input line 5.
LaTeX Font Info:    External font `lmex10' loaded for size
(Font)              <5> on input line 5.
[52

]
<images/uninlinedEx.PNG, id=1226, 160.6pt x 28.105pt>
File: images/uninlinedEx.PNG Graphic file (type png)
<use images/uninlinedEx.PNG>
Package pdftex.def Info: images/uninlinedEx.PNG  used on input line 11.
(pdftex.def)             Requested size: 160.5996pt x 28.10492pt.
<images/inlined.PNG, id=1227, 206.7725pt x 19.57312pt>
File: images/inlined.PNG Graphic file (type png)
<use images/inlined.PNG>
Package pdftex.def Info: images/inlined.PNG  used on input line 22.
(pdftex.def)             Requested size: 206.77199pt x 19.57306pt.
 (./GranularityEx.tex [53 <./images/uninlinedEx.PNG> <./images/inlined.PNG>]
<images/sensorGran.png, id=1243, 395.4775pt x 331.2375pt>
File: images/sensorGran.png Graphic file (type png)
<use images/sensorGran.png>
Package pdftex.def Info: images/sensorGran.png  used on input line 6.
(pdftex.def)             Requested size: 398.33858pt x 333.63745pt.
 [54 <./images/sensorGran.png>]
<images/granularityEx.PNG, id=1251, 589.20125pt x 315.67938pt>
File: images/granularityEx.PNG Graphic file (type png)
<use images/granularityEx.PNG>
Package pdftex.def Info: images/granularityEx.PNG  used on input line 35.
(pdftex.def)             Requested size: 284.52756pt x 152.4444pt.
 [55 <./images/granularityEx.PNG>]
<images/granularityEx2.PNG, id=1259, 585.68813pt x 304.63812pt>
File: images/granularityEx2.PNG Graphic file (type png)
<use images/granularityEx2.PNG>
Package pdftex.def Info: images/granularityEx2.PNG  used on input line 48.
(pdftex.def)             Requested size: 284.52756pt x 148.0003pt.
)
(./GranularityAlg.tex [56 <./images/granularityEx2.PNG>])) (./CaseStudies.tex
[57]
Chapter 6.
(./WBS.tex
<images/wbs_arch4_diagram.pdf, id=1289, 1281.78876pt x 638.385pt>
File: images/wbs_arch4_diagram.pdf Graphic file (type pdf)
<use images/wbs_arch4_diagram.pdf>
Package pdftex.def Info: images/wbs_arch4_diagram.pdf  used on input line 7.
(pdftex.def)             Requested size: 415.55249pt x 202.40074pt.
 [58

 <./images/wbs_arch4_diagram.pdf>] [59]
<images/inadvertent_braking.png, id=1470, 347.2975pt x 88.33pt>
File: images/inadvertent_braking.png Graphic file (type png)
<use images/inadvertent_braking.png>
Package pdftex.def Info: images/inadvertent_braking.png  used on input line 37.

(pdftex.def)             Requested size: 290.88547pt x 73.98508pt.
 [60 <./images/inadvertent_braking.png>] [61] [62] [63]
<images/detailedMCS.png, id=1521, 503.8825pt x 359.3425pt>
File: images/detailedMCS.png Graphic file (type png)
<use images/detailedMCS.png>
Package pdftex.def Info: images/detailedMCS.png  used on input line 166.
(pdftex.def)             Requested size: 352.71535pt x 251.53802pt.
 [64]
<images/TallyMCS.png, id=1532, 374.39874pt x 72.27pt>
File: images/TallyMCS.png Graphic file (type png)
<use images/TallyMCS.png>
Package pdftex.def Info: images/TallyMCS.png  used on input line 177.
(pdftex.def)             Requested size: 262.07733pt x 50.58864pt.
 Excluding 'comment' comment. [65 <./images/detailedMCS.png>]
<images/Soteria_FT.png, id=1542, 1668.2325pt x 184.43906pt>
File: images/Soteria_FT.png Graphic file (type png)
<use images/Soteria_FT.png>
Package pdftex.def Info: images/Soteria_FT.png  used on input line 200.
(pdftex.def)             Requested size: 333.6406pt x 36.88715pt.
<images/counterexample.png, id=1544, 563.10374pt x 262.9825pt>
File: images/counterexample.png Graphic file (type png)
<use images/counterexample.png>
Package pdftex.def Info: images/counterexample.png  used on input line 214.
(pdftex.def)             Requested size: 415.55249pt x 194.0743pt.
 [66 <./images/TallyMCS.png> <./images/Soteria_FT.png>]
<images/sensorsystem.png, id=1555, 703.62875pt x 261.97874pt>
File: images/sensorsystem.png Graphic file (type png)
<use images/sensorsystem.png>
Package pdftex.def Info: images/sensorsystem.png  used on input line 237.
(pdftex.def)             Requested size: 415.55249pt x 154.71802pt.

[67 <./images/counterexample.png>]) (./pid.tex [68 <./images/sensorsystem.png>]
<images/PIDArch.png, id=1571, 563.60562pt x 197.73875pt>
File: images/PIDArch.png Graphic file (type png)
<use images/PIDArch.png>
Package pdftex.def Info: images/PIDArch.png  used on input line 18.
(pdftex.def)             Requested size: 415.55249pt x 145.79636pt.
<images/NodeOutputsPID.png, id=1573, 527.47063pt x 89.83563pt>
File: images/NodeOutputsPID.png Graphic file (type png)
<use images/NodeOutputsPID.png>
Package pdftex.def Info: images/NodeOutputsPID.png  used on input line 26.
(pdftex.def)             Requested size: 373.99469pt x 63.696pt.
<images/PIDNodeData.png, id=1575, 250.43562pt x 87.82813pt>
File: images/PIDNodeData.png Graphic file (type png)
<use images/PIDNodeData.png>
Package pdftex.def Info: images/PIDNodeData.png  used on input line 33.
(pdftex.def)             Requested size: 290.88547pt x 102.0254pt.
[69 <./images/PIDArch.png> <./images/NodeOutputsPID.png>]
<images/PIDFaultNode.png, id=1584, 374.90062pt x 181.67876pt>
File: images/PIDFaultNode.png Graphic file (type png)
<use images/PIDFaultNode.png>
Package pdftex.def Info: images/PIDFaultNode.png  used on input line 41.
(pdftex.def)             Requested size: 373.99469pt x 181.25137pt.
<images/PIDFaultDef.png, id=1585, 473.77pt x 142.5325pt>
File: images/PIDFaultDef.png Graphic file (type png)
<use images/PIDFaultDef.png>
Package pdftex.def Info: images/PIDFaultDef.png  used on input line 46.
(pdftex.def)             Requested size: 373.99469pt x 112.51895pt.
 [70 <./images/PIDNodeData.png> <./images/PIDFaultNode.png>]
<images/PIDContract1.png, id=1596, 410.03188pt x 66.2475pt>
File: images/PIDContract1.png Graphic file (type png)
<use images/PIDContract1.png>
Package pdftex.def Info: images/PIDContract1.png  used on input line 58.
(pdftex.def)             Requested size: 373.99469pt x 60.42885pt.
<images/PIDCOntract2.png, id=1597, 396.48125pt x 201.75375pt>
File: images/PIDCOntract2.png Graphic file (type png)
<use images/PIDCOntract2.png>
Package pdftex.def Info: images/PIDCOntract2.png  used on input line 63.
(pdftex.def)             Requested size: 373.99469pt x 190.31657pt.
<images/PID_faultActivationStmt.png, id=1599, 391.96437pt x 110.4125pt>
File: images/PID_faultActivationStmt.png Graphic file (type png)
<use images/PID_faultActivationStmt.png>
Package pdftex.def Info: images/PID_faultActivationStmt.png  used on input line
 73.
(pdftex.def)             Requested size: 373.99469pt x 105.35625pt.
 [71 <./images/PIDFaultDef.png> <./images/PIDContract1.png>] [72 <./images/PIDC
Ontract2.png> <./images/PID_faultActivationStmt.png>])) (./Conclusion.tex [73]
Chapter 7.
) (./Main.bbl [74

] [75

] [76] [77] [78] [79] [80]
Underfull \hbox (badness 10000) in paragraph at lines 472--475
[]\OT1/ptm/m/n/10.95 N. Leve-son.  White pa-per on ap-proaches to safety en-gi-
neer-ing.
 []

[81] [82] [83] [84]
Underfull \hbox (badness 2799) in paragraph at lines 702--708
\OT1/ptm/m/n/10.95 chi-tec-tural mod-el-ing and anal-y-sis for safety en-gi-nee
r-ing (AMASE), NASA fi-
 []

)
Package atveryend Info: Empty hook `BeforeClearDocument' on input line 198.
 [85]
Package atveryend Info: Empty hook `AfterLastShipout' on input line 198.
 (./Main.aux)
Package atveryend Info: Executing hook `AtVeryEndDocument' on input line 198.
Package atveryend Info: Executing hook `AtEndAfterFileList' on input line 198.
Package rerunfilecheck Info: File `Main.out' has not changed.
(rerunfilecheck)             Checksum: 5A5C4F089DC0D6C630EA8832636060D5;4062.


LaTeX Font Warning: Some font shapes were not available, defaults substituted.


LaTeX Warning: There were multiply-defined labels.

Package atveryend Info: Empty hook `AtVeryVeryEnd' on input line 198.
 )
(\end occurred when \iftrue on line 35 was incomplete) 
Here is how much of TeX's memory you used:
 14900 strings out of 480608
 226825 string characters out of 5903631
 539178 words of memory out of 5000000
 29905 multiletter control sequences out of 15000+600000
 595812 words of font info for 114 fonts, out of 8000000 for 9000
 1141 hyphenation exceptions out of 8191
 49i,27n,51p,1623b,800s stack positions out of 5000i,500n,10000p,200000b,80000s
pdfTeX warning (dest): na
me{Hfootnote.3} has been referenced but does not exist, replaced by a fixed one


pdfTeX warning (dest): name{Hfootnote.2} has been referenced but does not exist
, replaced by a fixed one

pdfTeX warning (dest): name{Hfootnote.1} has been referenced but does not exist
, replaced by a fixed one

{/usr/local/texlive/2020/texmf-dist/fonts/enc/dvips/lm/lm-rm.enc}{/usr/local/te
xlive/2020/texmf-dist/fonts/enc/dvips/lm/lm-mathit.enc}{/usr/local/texlive/2020
/texmf-dist/fonts/enc/dvips/lm/lm-mathex.enc}{/usr/local/texlive/2020/texmf-dis
t/fonts/enc/dvips/lm/lm-mathsy.enc}{/usr/local/texlive/2020/texmf-dist/fonts/en
c/dvips/base/8r.enc}</usr/local/texlive/2020/texmf-dist/fonts/type1/public/lm/l
mbx10.pfb></usr/local/texlive/2020/texmf-dist/fonts/type1/public/lm/lmex10.pfb>
</usr/local/texlive/2020/texmf-dist/fonts/type1/public/lm/lmmi10.pfb></usr/loca
l/texlive/2020/texmf-dist/fonts/type1/public/lm/lmmi8.pfb></usr/local/texlive/2
020/texmf-dist/fonts/type1/public/lm/lmmib10.pfb></usr/local/texlive/2020/texmf
-dist/fonts/type1/public/lm/lmr10.pfb></usr/local/texlive/2020/texmf-dist/fonts
/type1/public/lm/lmr8.pfb></usr/local/texlive/2020/texmf-dist/fonts/type1/publi
c/lm/lmsy10.pfb></usr/local/texlive/2020/texmf-dist/fonts/type1/public/lm/lmsy8
.pfb></usr/local/texlive/2020/texmf-dist/fonts/type1/public/amsfonts/symbols/ms
bm10.pfb></usr/local/texlive/2020/texmf-dist/fonts/type1/urw/courier/ucrr8a.pfb
></usr/local/texlive/2020/texmf-dist/fonts/type1/urw/times/utmb8a.pfb></usr/loc
al/texlive/2020/texmf-dist/fonts/type1/urw/times/utmr8a.pfb></usr/local/texlive
/2020/texmf-dist/fonts/type1/urw/times/utmri8a.pfb>
Output written on Main.pdf (94 pages, 1793891 bytes).
PDF statistics:
 1821 PDF objects out of 2073 (max. 8388607)
 1503 compressed objects within 16 object streams
 416 named destinations out of 1000 (max. 500000)
 663 words of extra memory for PDF output out of 10000 (max. 10000000)

